Yingerbao/proguard.cfg
-optimizationpasses 5 
-dontusemixedcaseclassnames  
-dontskipnonpubliclibraryclasses  
-dontpreverify  
-verbose  
-dontwarn
-dontskipnonpubliclibraryclassmembers
-optimizations !code/simplification/arithmetic,!field/*,!class/merging/*  
  
  
-keep public class * extends android.app.Fragment
-keep public class * extends android.app.Activity  
-keep public class * extends android.app.Application  
-keep public class * extends android.app.Service  
-keep public class * extends android.content.BroadcastReceiver  
-keep public class * extends android.content.ContentProvider  
-keep public class * extends android.app.backup.BackupAgentHelper  
-keep public class * extends android.preference.Preference  
-keep public class * extends android.support.v4.**
-keep public class com.android.vending.licensing.ILicensingService  
  
  
-keepclasseswithmembernames class * {  
    native <methods>;  
}  
  
-keepclasseswithmembers class * {  
    public <init>(android.content.Context, android.util.AttributeSet);  
}  
  
-keepclasseswithmembers class * {  
    public <init>(android.content.Context, android.util.AttributeSet, int);  
}  
  
-keepclassmembers class * extends android.app.Activity {   
    public void *(android.view.View);  
}  
  
-keep public class * extends android.view.View {  
    public <init>(android.content.Context);  
    public <init>(android.content.Context, android.util.AttributeSet);  
    public <init>(android.content.Context, android.util.AttributeSet, int);  
    public void set*(...);  
}  
  
-keepclassmembers enum * {  
    public static **[] values();  
    public static ** valueOf(java.lang.String);  
}  
  
-keep class * implements android.os.Parcelable {  
    public static final android.os.Parcelable$Creator *;  
}  
  
-keepnames class * implements java.io.Serializable  
  
-keepclassmembers class * implements java.io.Serializable {  
    static final long serialVersionUID;  
    private static final java.io.ObjectStreamField[] serialPersistentFields;  
    !static !transient <fields>;  
    private void writeObject(java.io.ObjectOutputStream);  
    private void readObject(java.io.ObjectInputStream);  
    java.lang.Object writeReplace();  
    java.lang.Object readResolve();  
}  
  

-keepattributes *Annotation*  
-keepattributes Exceptions,InnerClasses,Signature  
-keepattributes SourceFile,LineNumberTable  
  
-keep class **.R$* { *; }  
-libraryjars  libs/android-support-v4.jar  
-dontwarn android.support.v4.**      
-keep class android.support.v4.** { *; }    
-keep interface android.support.v4.** { *; }  
-keep public class * extends android.support.v4.**   
-keep public class * extends android.app.Fragment  

-libraryjars  libs/eventbus.jar
-dontwarn de.greenrobot.** 
-keep public class de.greenrobot.** {*; }
-keepclassmembers class ** {
    public void onEvent*(**);
    void onEvent*(**);
}


-libraryjars  libs/mpchartlib.jar
-dontwarn com.github.mikephil.** 
-keep public class com.github.mikephil.** {*; }


-libraryjars  libs/slidingmenulibary.jar
-dontwarn com.jeremyfeinstein.slidingmenu.** 
-keep public class com.jeremyfeinstein.slidingmenu.** {*; }

-libraryjars  libs/SMSSDK-2.1.1.jar
-dontwarn cn.smssdk.** 
-keep public class cn.smssdk.** {*; }

-libraryjars  libs/MobTools-2016.0714.1402.jar
-dontwarn com.mob.tools.** 
-keep public class com.mob.tools.** {*; }


-libraryjars  libs/MobCommons-2016.0714.1402.jar
-dontwarn com.mob.commons.** 
-keep public class com.mob.commons.** {*; }