Yingerbao/proguard/seeds.txt
com.aizi.yingerbao.R$anim
com.aizi.yingerbao.R$anim: int activity_close_enter
com.aizi.yingerbao.R$anim: int activity_close_exit
com.aizi.yingerbao.R$anim: int activity_open_enter
com.aizi.yingerbao.R$anim: int activity_open_exit
com.aizi.yingerbao.R$anim: int air_cleaner_fan_anim
com.aizi.yingerbao.R$anim: int alpha_03_10
com.aizi.yingerbao.R$anim: int alpha_10_00
com.aizi.yingerbao.R$anim: int bottom_bar_show
com.aizi.yingerbao.R$anim: int clockwise_rotate_animation
com.aizi.yingerbao.R$anim: int connecting_router_rotate_animation
com.aizi.yingerbao.R$anim: int cycle_7
com.aizi.yingerbao.R$anim: int dialog_enter_pop_anim
com.aizi.yingerbao.R$anim: int dialog_enter_slide_from_bottom_anim
com.aizi.yingerbao.R$anim: int dialog_enter_slide_from_top_anim
com.aizi.yingerbao.R$anim: int dialog_exit_anim
com.aizi.yingerbao.R$anim: int dialog_exit_slide_from_bottom_anim
com.aizi.yingerbao.R$anim: int dialog_exit_slide_from_top_anim
com.aizi.yingerbao.R$anim: int fade_in
com.aizi.yingerbao.R$anim: int loading_dot_anim
com.aizi.yingerbao.R$anim: int main_special_activity_close_enter
com.aizi.yingerbao.R$anim: int main_special_activity_close_exit
com.aizi.yingerbao.R$anim: int main_special_activity_open_enter
com.aizi.yingerbao.R$anim: int main_special_activity_open_exit
com.aizi.yingerbao.R$anim: int progressbar_middle_rotate_acc_one
com.aizi.yingerbao.R$anim: int progressbar_middle_rotate_acc_two
com.aizi.yingerbao.R$anim: int progressbar_small_rotate_acc_one
com.aizi.yingerbao.R$attr
com.aizi.yingerbao.R$attr: int calendarBtn
com.aizi.yingerbao.R$attr: int leftBtn
com.aizi.yingerbao.R$attr: int mcv_allowClickDaysOutsideCurrentMonth
com.aizi.yingerbao.R$attr: int mcv_arrowColor
com.aizi.yingerbao.R$attr: int mcv_calendarMode
com.aizi.yingerbao.R$attr: int mcv_dateTextAppearance
com.aizi.yingerbao.R$attr: int mcv_firstDayOfWeek
com.aizi.yingerbao.R$attr: int mcv_headerTextAppearance
com.aizi.yingerbao.R$attr: int mcv_leftArrowMask
com.aizi.yingerbao.R$attr: int mcv_monthLabels
com.aizi.yingerbao.R$attr: int mcv_rightArrowMask
com.aizi.yingerbao.R$attr: int mcv_selectionColor
com.aizi.yingerbao.R$attr: int mcv_showOtherDates
com.aizi.yingerbao.R$attr: int mcv_tileHeight
com.aizi.yingerbao.R$attr: int mcv_tileSize
com.aizi.yingerbao.R$attr: int mcv_tileWidth
com.aizi.yingerbao.R$attr: int mcv_weekDayLabels
com.aizi.yingerbao.R$attr: int mcv_weekDayTextAppearance
com.aizi.yingerbao.R$attr: int rightBtn
com.aizi.yingerbao.R$attr: int titleColor
com.aizi.yingerbao.R$attr: int titleSize
com.aizi.yingerbao.R$attr: int titleText
com.aizi.yingerbao.R$attr: R$attr()
...
android.support.v4.widget.EdgeEffectCompatLollipop
android.support.v4.widget.EdgeEffectCompatLollipop: EdgeEffectCompatLollipop()
android.support.v4.widget.EdgeEffectCompatLollipop: boolean onPull(java.lang.Object,float,float)
android.support.v4.widget.ExploreByTouchHelper
android.support.v4.widget.ExploreByTouchHelper: int INVALID_ID
android.support.v4.widget.ExploreByTouchHelper: java.lang.String DEFAULT_CLASS_NAME
android.support.v4.widget.ExploreByTouchHelper: android.graphics.Rect mTempScreenRect
android.support.v4.widget.ExploreByTouchHelper: android.graphics.Rect mTempParentRect
android.support.v4.widget.ExploreByTouchHelper: android.graphics.Rect mTempVisibleRect
android.support.v4.widget.ExploreByTouchHelper: int[] mTempGlobalRect
android.support.v4.widget.ExploreByTouchHelper: android.view.accessibility.AccessibilityManager mManager
android.support.v4.widget.ExploreByTouchHelper: android.view.View mView
android.support.v4.widget.ExploreByTouchHelper: android.support.v4.widget.ExploreByTouchHelper$ExploreByTouchNodeProvider mNodeProvider
android.support.v4.widget.ExploreByTouchHelper: int mFocusedVirtualViewId
android.support.v4.widget.ExploreByTouchHelper: int mHoveredVirtualViewId
android.support.v4.widget.ExploreByTouchHelper: ExploreByTouchHelper(android.view.View)
android.support.v4.widget.ExploreByTouchHelper: android.support.v4.view.accessibility.AccessibilityNodeProviderCompat getAccessibilityNodeProvider(android.view.View)
android.support.v4.widget.ExploreByTouchHelper: boolean dispatchHoverEvent(android.view.MotionEvent)
android.support.v4.widget.ExploreByTouchHelper: boolean sendEventForVirtualView(int,int)
android.support.v4.widget.ExploreByTouchHelper: void invalidateRoot()
android.support.v4.widget.ExploreByTouchHelper$1
android.support.v4.widget.ExploreByTouchHelper$ExploreByTouchNodeProvider
android.support.v4.widget.ExploreByTouchHelper$ExploreByTouchNodeProvider: android.support.v4.widget.ExploreByTouchHelper this$0
android.support.v4.widget.ExploreByTouchHelper$ExploreByTouchNodeProvider: ExploreByTouchHelper$ExploreByTouchNodeProvider(android.support.v4.widget.ExploreByTouchHelper)
android.support.v4.widget.ExploreByTouchHelper$ExploreByTouchNodeProvider: android.support.v4.view.accessibility.AccessibilityNodeInfoCompat createAccessibilityNodeInfo(int)
android.support.v4.widget.ExploreByTouchHelper$ExploreByTouchNodeProvider: boolean performAction(int,int,android.os.Bundle)
android.support.v4.widget.ExploreByTouchHelper$ExploreByTouchNodeProvider: ExploreByTouchHelper$ExploreByTouchNodeProvider(android.support.v4.widget.ExploreByTouchHelper,android.support.v4.widget.ExploreByTouchHelper$1)
android.support.v4.widget.ListPopupWindowCompat
android.support.v4.widget.ListPopupWindowCompat: android.support.v4.widget.ListPopupWindowCompat$ListPopupWindowImpl IMPL
android.support.v4.widget.ListPopupWindowCompat: ListPopupWindowCompat()
android.support.v4.widget.ListPopupWindowCompat: android.view.View$OnTouchListener createDragToOpenListener(java.lang.Object,android.view.View)
android.support.v4.widget.ListPopupWindowCompat: void <clinit>()
android.support.v4.widget.ListPopupWindowCompat$BaseListPopupWindowImpl
android.support.v4.widget.ListPopupWindowCompat$BaseListPopupWindowImpl: ListPopupWindowCompat$BaseListPopupWindowImpl()
android.support.v4.widget.ListPopupWindowCompat$BaseListPopupWindowImpl: android.view.View$OnTouchListener createDragToOpenListener(java.lang.Object,android.view.View)
android.support.v4.widget.ListPopupWindowCompat$KitKatListPopupWindowImpl
android.support.v4.widget.ListPopupWindowCompat$KitKatListPopupWindowImpl: ListPopupWindowCompat$KitKatListPopupWindowImpl()
android.support.v4.widget.ListPopupWindowCompat$KitKatListPopupWindowImpl: android.view.View$OnTouchListener createDragToOpenListener(java.lang.Object,android.view.View)