Yingerbao/proguard/mapping.txt
com.aizi.yingerbao.R -> com.aizi.yingerbao.R:
com.aizi.yingerbao.R$anim -> com.aizi.yingerbao.R$anim:
    int activity_close_enter -> activity_close_enter
    int activity_close_exit -> activity_close_exit
    int activity_open_enter -> activity_open_enter
    int activity_open_exit -> activity_open_exit
    int air_cleaner_fan_anim -> air_cleaner_fan_anim
    int alpha_03_10 -> alpha_03_10
    int alpha_10_00 -> alpha_10_00
    int bottom_bar_show -> bottom_bar_show
    int clockwise_rotate_animation -> clockwise_rotate_animation
    int connecting_router_rotate_animation -> connecting_router_rotate_animation
    int cycle_7 -> cycle_7
    int dialog_enter_pop_anim -> dialog_enter_pop_anim
    int dialog_enter_slide_from_bottom_anim -> dialog_enter_slide_from_bottom_anim
    int dialog_enter_slide_from_top_anim -> dialog_enter_slide_from_top_anim
    int dialog_exit_anim -> dialog_exit_anim
    int dialog_exit_slide_from_bottom_anim -> dialog_exit_slide_from_bottom_anim
    int dialog_exit_slide_from_top_anim -> dialog_exit_slide_from_top_anim
    int fade_in -> fade_in
    int loading_dot_anim -> loading_dot_anim
    int main_special_activity_close_enter -> main_special_activity_close_enter
    int main_special_activity_close_exit -> main_special_activity_close_exit
    int main_special_activity_open_enter -> main_special_activity_open_enter
    int main_special_activity_open_exit -> main_special_activity_open_exit
    int progressbar_middle_rotate_acc_one -> progressbar_middle_rotate_acc_one
com.aizi.yingerbao.R$attr -> com.aizi.yingerbao.R$attr:
    int calendarBtn -> calendarBtn
    int leftBtn -> leftBtn
    int mcv_allowClickDaysOutsideCurrentMonth -> mcv_allowClickDaysOutsideCurrentMonth
    int mcv_arrowColor -> mcv_arrowColor
    int mcv_calendarMode -> mcv_calendarMode
    int mcv_dateTextAppearance -> mcv_dateTextAppearance
    int mcv_firstDayOfWeek -> mcv_firstDayOfWeek
    int mcv_headerTextAppearance -> mcv_headerTextAppearance
    int mcv_leftArrowMask -> mcv_leftArrowMask
    int mcv_monthLabels -> mcv_monthLabels
    int mcv_rightArrowMask -> mcv_rightArrowMask
    int mcv_selectionColor -> mcv_selectionColor
    int mcv_showOtherDates -> mcv_showOtherDates
    int mcv_tileHeight -> mcv_tileHeight
    int mcv_tileSize -> mcv_tileSize
    int mcv_tileWidth -> mcv_tileWidth
    int mcv_weekDayLabels -> mcv_weekDayLabels
    int mcv_weekDayTextAppearance -> mcv_weekDayTextAppearance
    int rightBtn -> rightBtn
    int titleColor -> titleColor
    int titleSize -> titleSize
    int titleText -> titleText
com.aizi.yingerbao.R$color -> com.aizi.yingerbao.R$color:
    int activity_bg_color -> activity_bg_color
    int black -> black
    int black_translucent -> black_translucent
    int blue -> blue
    int btn_pressed -> btn_pressed
    int cloudsec_img_bg_blue -> cloudsec_img_bg_blue
    int cloudsec_img_bg_orange -> cloudsec_img_bg_orange
    int cloudsec_img_bg_red -> cloudsec_img_bg_red
    int cloudsec_text_glod -> cloudsec_text_glod
    int cloudsec_text_orange -> cloudsec_text_orange
    int cloudtv_view_bg -> cloudtv_view_bg
    int color_black -> color_black
    int color_blue -> color_blue
    int color_gray -> color_gray
    int color_gray_low -> color_gray_low
    int color_red -> color_red
    int color_white -> color_white
    int common_item_layout_border -> common_item_layout_border
    int common_item_layout_pressed -> common_item_layout_pressed
    int common_item_sub_text_color -> common_item_sub_text_color
    int common_item_text_color -> common_item_text_color
    int common_text_color -> common_text_color
    int common_text_color_blue -> common_text_color_blue
    int common_text_color_green -> common_text_color_green
    int common_text_color_normal -> common_text_color_normal
    int common_text_color_normal_another -> common_text_color_normal_another
    int common_text_color_sub -> common_text_color_sub
    int common_ui_progress_radius -> common_ui_progress_radius
...
android.support.v4.graphics.drawable.RoundedBitmapDrawableFactory -> android.support.v4.graphics.drawable.RoundedBitmapDrawableFactory:
    java.lang.String TAG -> TAG
    67:70:android.support.v4.graphics.drawable.RoundedBitmapDrawable create(android.content.res.Resources,android.graphics.Bitmap) -> create
    78:82:android.support.v4.graphics.drawable.RoundedBitmapDrawable create(android.content.res.Resources,java.lang.String) -> create
    91:95:android.support.v4.graphics.drawable.RoundedBitmapDrawable create(android.content.res.Resources,java.io.InputStream) -> create
android.support.v4.graphics.drawable.RoundedBitmapDrawableFactory$DefaultRoundedBitmapDrawable -> android.support.v4.graphics.drawable.RoundedBitmapDrawableFactory$DefaultRoundedBitmapDrawable:
    43:47:void setMipMap(boolean) -> setMipMap
    51:51:boolean hasMipMap() -> hasMipMap
    57:59:void gravityCompatApply(int,int,int,android.graphics.Rect,android.graphics.Rect) -> gravityCompatApply
android.support.v4.hardware.display.DisplayManagerCompat -> android.support.v4.hardware.display.DisplayManagerCompat:
    java.util.WeakHashMap sInstances -> sInstances
    java.lang.String DISPLAY_CATEGORY_PRESENTATION -> DISPLAY_CATEGORY_PRESENTATION
    54:66:android.support.v4.hardware.display.DisplayManagerCompat getInstance(android.content.Context) -> getInstance
    android.view.Display getDisplay(int) -> getDisplay
    android.view.Display[] getDisplays() -> getDisplays
    android.view.Display[] getDisplays(java.lang.String) -> getDisplays
android.support.v4.hardware.display.DisplayManagerCompat$JellybeanMr1Impl -> android.support.v4.hardware.display.DisplayManagerCompat$JellybeanMr1Impl:
    java.lang.Object mDisplayManagerObj -> mDisplayManagerObj
    141:141:android.view.Display getDisplay(int) -> getDisplay
    146:146:android.view.Display[] getDisplays() -> getDisplays
    151:151:android.view.Display[] getDisplays(java.lang.String) -> getDisplays
android.support.v4.hardware.display.DisplayManagerCompat$LegacyImpl -> android.support.v4.hardware.display.DisplayManagerCompat$LegacyImpl:
    android.view.WindowManager mWindowManager -> mWindowManager
    114:118:android.view.Display getDisplay(int) -> getDisplay
    123:123:android.view.Display[] getDisplays() -> getDisplays
    128:128:android.view.Display[] getDisplays(java.lang.String) -> getDisplays
android.support.v4.hardware.display.DisplayManagerJellybeanMr1 -> android.support.v4.hardware.display.DisplayManagerJellybeanMr1:
    24:24:java.lang.Object getDisplayManager(android.content.Context) -> getDisplayManager
    28:28:android.view.Display getDisplay(java.lang.Object,int) -> getDisplay
    32:32:android.view.Display[] getDisplays(java.lang.Object) -> getDisplays
    36:36:android.view.Display[] getDisplays(java.lang.Object,java.lang.String) -> getDisplays
android.support.v4.internal.view.SupportMenu -> android.support.v4.internal.view.SupportMenu:
    int USER_MASK -> USER_MASK
    int USER_SHIFT -> USER_SHIFT
    int CATEGORY_MASK -> CATEGORY_MASK
    int CATEGORY_SHIFT -> CATEGORY_SHIFT