Yingerbao/proguard/usage.txt
com.aizi.yingerbao.BuildConfig
com.aizi.yingerbao.R:
    10:10:public R()
...
u.aly.ci$b
u.aly.cj:
    46:46:public boolean a(u.aly.cj)
u.aly.cm
u.aly.cn
u.aly.co:
    41:41:private co()
    59:59:public u.aly.dc C()
    public abstract void a(u.aly.cm)
    public abstract void a()
    public abstract void a(u.aly.cs)
    public abstract void g()
    public abstract void a(boolean)
    public abstract void a(byte)
    public abstract void a(short)
    public abstract void a(double)
    public abstract u.aly.cm h()
    public abstract void i()
u.aly.cp:
    private static final long h
    public static final int a
    public static final int b
    public static final int c
    public static final int d
    public static final int e
    public static final int f
    46:48:public cp(int)
    51:53:public cp(int,java.lang.String)
    60:62:public cp(int,java.lang.Throwable)
    65:66:public cp(java.lang.Throwable)
    69:70:public cp(java.lang.String,java.lang.Throwable)
    73:75:public cp(int,java.lang.String,java.lang.Throwable)
    78:78:public int a()
u.aly.cr:
    29:29:public cr()
    49:50:public static void a(int)
    171:194:public static u.aly.cq a(byte[],u.aly.cq)
u.aly.cu:
    41:42:public cu(u.aly.dc)
u.aly.cu$a
u.aly.cv
u.aly.d:
    public static final java.lang.String a
    public static final java.lang.String b
    public static final java.lang.String c
    public static final int d
    public static final java.lang.String e
    public static final java.lang.String f
    11:11:public d()
    133:142:public static java.util.List b(java.util.List)
u.aly.d$a
u.aly.d$a$a
u.aly.d$a$b
u.aly.d$b
u.aly.d$b$a
u.aly.d$b$b
u.aly.d$c
u.aly.d$c$a
u.aly.d$c$b
u.aly.da:
    52:54:public da(java.io.InputStream)
    71:74:public da(java.io.InputStream,java.io.OutputStream)
    83:83:public boolean a()
    89:89:public void b()
    95:111:public void c()
    150:158:public void d()
u.aly.db:
    30:32:public db(byte[])
    34:36:public db(byte[],int,int)
    53:53:public void c()
    57:57:public boolean a()
    61:61:public void b()
u.aly.dc:
    public abstract boolean a()
    42:42:public boolean i()
    public abstract void b()
    public abstract void c()
    125:125:public void d()
u.aly.dd:
    private static final long g
    public static final int a
    public static final int b
    public static final int c
    public static final int d
    public static final int e
    64:65:public dd(java.lang.Throwable)
    68:69:public dd(java.lang.String,java.lang.Throwable)
    72:74:public dd(int,java.lang.String,java.lang.Throwable)
    77:77:public int a()
u.aly.de
u.aly.f:
    27:27:public boolean a()
    31:32:public void a(boolean)
u.aly.g
u.aly.h:
    private static final long a
    94:94:public long b()
    98:99:public void a(long)
    113:136:public void a(u.aly.f,u.aly.l)
    146:150:public void a(u.aly.f,java.util.List,u.aly.l)
    159:162:public boolean a(java.util.List)
    170:176:public void a(u.aly.f)
    179:182:public int c()
    193:203:public boolean a(java.util.List,java.util.List)
    218:239:public void a(u.aly.f,u.aly.l,java.util.List,java.util.List)
    246:251:private void a(u.aly.f,u.aly.l,java.util.List)
    21:21:static synthetic java.util.Map a(u.aly.h)
u.aly.h$1
u.aly.i:
    private static final long a
    32:39:public i(java.util.List,long,long,long,java.util.List,java.lang.String)
    73:78:public void a(u.aly.f,u.aly.l)
    88:94:public void a(u.aly.l)
    117:117:public java.util.List b()
u.aly.j
u.aly.k:
    private static final long a
    18:19:public k(java.lang.String,long,long)
    21:26:public k(java.lang.String,long,long,java.lang.String)
    30:31:public u.aly.k a()
    35:35:public java.lang.String b()
    39:40:public void a(java.lang.String)
    47:48:public void b(java.lang.String)
    59:62:public u.aly.k a(u.aly.k)
u.aly.l